<?xml version="1.0" encoding="UTF-8"?>
<!-- Generated by org.testng.reporters.JUnitReportReporter -->
<testsuite skipped="1" hostname="salahs-MacBook-Pro.local" name="home.searchItems" tests="1" failures="0" timestamp="14 May 2017 16:48:41 GMT" time="0.000" errors="0">
  <testcase name="search" time="0.000" classname="home.searchItems">
    <skipped/>
  </testcase> <!-- search -->
</testsuite> <!-- home.searchItems -->
